# JRE version: OpenJDK Runtime Environment Corretto-17.0.5.8.1 (17.0.5+8) (build 17.0.5+8-LTS)
# Java VM: OpenJDK 64-Bit Server VM Corretto-17.0.5.8.1 (17.0.5+8-LTS, mixed mode, sharing, tiered, compressed oops, compressed class ptrs, g1 gc, windows-amd64)
GC Precious Log:
 CPUs: 4 total, 4 available
 Memory: 3984M
 Large Page Support: Disabled
 NUMA Support: Disabled
 Compressed Oops: Enabled (32-bit)
 Heap Region Size: 1M
 Heap Min Capacity: 256M
 Heap Initial Capacity: 256M
 Heap Max Capacity: 512M
 Pre-touch: Disabled
 Parallel Workers: 4
 Concurrent Workers: 1
 Concurrent Refinement Workers: 4
 Periodic GC: Disabled
Heap:
 garbage-first heap   total 262144K, used 75868K [0x00000000e0000000, 0x0000000100000000)
  region size 1024K, 66 young (67584K), 2 survivors (2048K)
 Metaspace       used 15579K, committed 15808K, reserved 229376K
  class space    used 2261K, committed 2368K, reserved 212992K
GC Heap History (6 events):
Event: 2.895 GC heap before
{Heap before GC invocations=0 (full 0):
 garbage-first heap   total 262144K, used 16384K [0x00000000e0000000, 0x0000000100000000)
  region size 1024K, 13 young (13312K), 0 survivors (0K)
 Metaspace       used 1139K, committed 1280K, reserved 221184K
  class space    used 96K, committed 128K, reserved 212992K
}
Event: 2.923 GC heap after
{Heap after GC invocations=1 (full 0):
 garbage-first heap   total 262144K, used 3922K [0x00000000e0000000, 0x0000000100000000)
  region size 1024K, 2 young (2048K), 2 survivors (2048K)
 Metaspace       used 1139K, committed 1280K, reserved 221184K
  class space    used 96K, committed 128K, reserved 212992K
}
Event: 6.074 GC heap before
{Heap before GC invocations=1 (full 0):
 garbage-first heap   total 262144K, used 21330K [0x00000000e0000000, 0x0000000100000000)
  region size 1024K, 16 young (16384K), 2 survivors (2048K)
 Metaspace       used 3873K, committed 4032K, reserved 221184K
  class space    used 487K, committed 576K, reserved 212992K
}
Event: 6.081 GC heap after
{Heap after GC invocations=2 (full 0):
 garbage-first heap   total 262144K, used 9267K [0x00000000e0000000, 0x0000000100000000)
  region size 1024K, 2 young (2048K), 2 survivors (2048K)
 Metaspace       used 3873K, committed 4032K, reserved 221184K
  class space    used 487K, committed 576K, reserved 212992K
}
Event: 6.528 GC heap before
{Heap before GC invocations=2 (full 0):
 garbage-first heap   total 262144K, used 29747K [0x00000000e0000000, 0x0000000100000000)
  region size 1024K, 22 young (22528K), 2 survivors (2048K)
 Metaspace       used 3970K, committed 4160K, reserved 221184K
  class space    used 487K, committed 576K, reserved 212992K
}
Event: 6.533 GC heap after
{Heap after GC invocations=3 (full 0):
 garbage-first heap   total 262144K, used 11356K [0x00000000e0000000, 0x0000000100000000)
  region size 1024K, 2 young (2048K), 2 survivors (2048K)
 Metaspace       used 3970K, committed 4160K, reserved 221184K
  class space    used 487K, committed 576K, reserved 212992K
}

