# JRE version: OpenJDK Runtime Environment Corretto-17.0.5.8.1 (17.0.5+8) (build 17.0.5+8-LTS)
# Java VM: OpenJDK 64-Bit Server VM Corretto-17.0.5.8.1 (17.0.5+8-LTS, mixed mode, sharing, tiered, compressed oops, compressed class ptrs, g1 gc, windows-amd64)
GC Precious Log:
 CPUs: 4 total, 4 available
 Memory: 3984M
 Large Page Support: Disabled
 NUMA Support: Disabled
 Compressed Oops: Enabled (32-bit)
 Heap Region Size: 1M
 Heap Min Capacity: 256M
 Heap Initial Capacity: 256M
 Heap Max Capacity: 512M
 Pre-touch: Disabled
 Parallel Workers: 4
 Concurrent Workers: 1
 Concurrent Refinement Workers: 4
 Periodic GC: Disabled
Heap:
 garbage-first heap   total 262144K, used 116299K [0x00000000e0000000, 0x0000000100000000)
  region size 1024K, 92 young (94208K), 10 survivors (10240K)
 Metaspace       used 42565K, committed 43072K, reserved 253952K
  class space    used 5863K, committed 6080K, reserved 212992K
GC Heap History (10 events):
Event: 1.447 GC heap before
{Heap before GC invocations=0 (full 0):
 garbage-first heap   total 262144K, used 16384K [0x00000000e0000000, 0x0000000100000000)
  region size 1024K, 13 young (13312K), 0 survivors (0K)
 Metaspace       used 1143K, committed 1280K, reserved 221184K
  class space    used 96K, committed 128K, reserved 212992K
}
Event: 1.452 GC heap after
{Heap after GC invocations=1 (full 0):
 garbage-first heap   total 262144K, used 3632K [0x00000000e0000000, 0x0000000100000000)
  region size 1024K, 2 young (2048K), 2 survivors (2048K)
 Metaspace       used 1143K, committed 1280K, reserved 221184K
  class space    used 96K, committed 128K, reserved 212992K
}
Event: 2.182 GC heap before
{Heap before GC invocations=1 (full 0):
 garbage-first heap   total 262144K, used 22064K [0x00000000e0000000, 0x0000000100000000)
  region size 1024K, 17 young (17408K), 2 survivors (2048K)
 Metaspace       used 3865K, committed 4032K, reserved 221184K
  class space    used 487K, committed 576K, reserved 212992K
}
Event: 2.187 GC heap after
{Heap after GC invocations=2 (full 0):
 garbage-first heap   total 262144K, used 9297K [0x00000000e0000000, 0x0000000100000000)
  region size 1024K, 3 young (3072K), 3 survivors (3072K)
 Metaspace       used 3865K, committed 4032K, reserved 221184K
  class space    used 487K, committed 576K, reserved 212992K
}
Event: 2.696 GC heap before
{Heap before GC invocations=2 (full 0):
 garbage-first heap   total 262144K, used 31825K [0x00000000e0000000, 0x0000000100000000)
  region size 1024K, 25 young (25600K), 3 survivors (3072K)
 Metaspace       used 3995K, committed 4160K, reserved 221184K
  class space    used 488K, committed 576K, reserved 212992K
}
Event: 2.703 GC heap after
{Heap after GC invocations=3 (full 0):
 garbage-first heap   total 262144K, used 13231K [0x00000000e0000000, 0x0000000100000000)
  region size 1024K, 4 young (4096K), 4 survivors (4096K)
 Metaspace       used 3995K, committed 4160K, reserved 221184K
  class space    used 488K, committed 576K, reserved 212992K
}
Event: 6.779 GC heap before
{Heap before GC invocations=3 (full 0):
 garbage-first heap   total 262144K, used 115631K [0x00000000e0000000, 0x0000000100000000)
  region size 1024K, 105 young (107520K), 4 survivors (4096K)
 Metaspace       used 21243K, committed 21504K, reserved 237568K
  class space    used 3172K, committed 3264K, reserved 212992K
}
Event: 6.809 GC heap after
{Heap after GC invocations=4 (full 0):
 garbage-first heap   total 262144K, used 20852K [0x00000000e0000000, 0x0000000100000000)
  region size 1024K, 12 young (12288K), 12 survivors (12288K)
 Metaspace       used 21243K, committed 21504K, reserved 237568K
  class space    used 3172K, committed 3264K, reserved 212992K
}
Event: 10.494 GC heap before
{Heap before GC invocations=5 (full 0):
 garbage-first heap   total 262144K, used 132468K [0x00000000e0000000, 0x0000000100000000)
  region size 1024K, 119 young (121856K), 12 survivors (12288K)
 Metaspace       used 35795K, committed 36096K, reserved 245760K
  class space    used 4907K, committed 5056K, reserved 212992K
}
Event: 10.621 GC heap after
{Heap after GC invocations=6 (full 0):
 garbage-first heap   total 262144K, used 30283K [0x00000000e0000000, 0x0000000100000000)
  region size 1024K, 15 young (15360K), 15 survivors (15360K)
 Metaspace       used 35795K, committed 36096K, reserved 245760K
  class space    used 4907K, committed 5056K, reserved 212992K
}

